[1.694s] Invoking command in '/home/vardan/Introduction-to-Robotics/Unitree_go2/go2_ws/build/go2_gazebo': PYTHONPATH=/home/vardan/Introduction-to-Robotics/Unitree_go2/go2_ws/build/go2_gazebo/prefix_override:/usr/lib/python3/dist-packages/colcon_core/task/python/colcon_distutils_commands:/home/vardan/Introduction-to-Robotics/Unitree_go2/go2_ws/install/go2_gazebo/lib/python3.10/site-packages:${PYTHONPATH} /usr/bin/python3 -W ignore:setup.py install is deprecated setup.py develop --editable --build-directory /home/vardan/Introduction-to-Robotics/Unitree_go2/go2_ws/build/go2_gazebo/build --no-deps symlink_data
[2.156s] running develop
[2.157s] /usr/lib/python3/dist-packages/setuptools/command/easy_install.py:158: EasyInstallDeprecationWarning: easy_install command is deprecated. Use build and pip and other standards-based tools.
[2.158s]   warnings.warn(
[2.396s] running egg_info
[2.401s] creating go2_gazebo.egg-info
[2.402s] writing go2_gazebo.egg-info/PKG-INFO
[2.402s] writing dependency_links to go2_gazebo.egg-info/dependency_links.txt
[2.402s] writing entry points to go2_gazebo.egg-info/entry_points.txt
[2.402s] writing requirements to go2_gazebo.egg-info/requires.txt
[2.402s] writing top-level names to go2_gazebo.egg-info/top_level.txt
[2.402s] writing manifest file 'go2_gazebo.egg-info/SOURCES.txt'
[2.404s] reading manifest file 'go2_gazebo.egg-info/SOURCES.txt'
[2.405s] writing manifest file 'go2_gazebo.egg-info/SOURCES.txt'
[2.408s] running build_ext
[2.409s] Creating /home/vardan/Introduction-to-Robotics/Unitree_go2/go2_ws/install/go2_gazebo/lib/python3.10/site-packages/go2-gazebo.egg-link (link to .)
[2.414s] 
[2.415s] Installed /home/vardan/Introduction-to-Robotics/Unitree_go2/go2_ws/build/go2_gazebo
[2.416s] running symlink_data
[2.416s] creating /home/vardan/Introduction-to-Robotics/Unitree_go2/go2_ws/install/go2_gazebo/share/ament_index
[2.416s] creating /home/vardan/Introduction-to-Robotics/Unitree_go2/go2_ws/install/go2_gazebo/share/ament_index/resource_index
[2.417s] creating /home/vardan/Introduction-to-Robotics/Unitree_go2/go2_ws/install/go2_gazebo/share/ament_index/resource_index/packages
[2.417s] symbolically linking /home/vardan/Introduction-to-Robotics/Unitree_go2/go2_ws/build/go2_gazebo/resource/go2_gazebo -> /home/vardan/Introduction-to-Robotics/Unitree_go2/go2_ws/install/go2_gazebo/share/ament_index/resource_index/packages
[2.418s] symbolically linking /home/vardan/Introduction-to-Robotics/Unitree_go2/go2_ws/build/go2_gazebo/package.xml -> /home/vardan/Introduction-to-Robotics/Unitree_go2/go2_ws/install/go2_gazebo/share/go2_gazebo
[2.479s] Invoked command in '/home/vardan/Introduction-to-Robotics/Unitree_go2/go2_ws/build/go2_gazebo' returned '0': PYTHONPATH=/home/vardan/Introduction-to-Robotics/Unitree_go2/go2_ws/build/go2_gazebo/prefix_override:/usr/lib/python3/dist-packages/colcon_core/task/python/colcon_distutils_commands:/home/vardan/Introduction-to-Robotics/Unitree_go2/go2_ws/install/go2_gazebo/lib/python3.10/site-packages:${PYTHONPATH} /usr/bin/python3 -W ignore:setup.py install is deprecated setup.py develop --editable --build-directory /home/vardan/Introduction-to-Robotics/Unitree_go2/go2_ws/build/go2_gazebo/build --no-deps symlink_data
