[0.186s] DEBUG:colcon:Command line arguments: ['/usr/bin/colcon', 'build', '--symlink-install']
[0.186s] DEBUG:colcon:Parsed command line arguments: Namespace(log_base=None, log_level=None, verb_name='build', build_base='build', install_base='install', merge_install=False, symlink_install=True, test_result_base=None, continue_on_error=False, executor='parallel', parallel_workers=4, event_handlers=None, ignore_user_meta=False, metas=['./colcon.meta'], base_paths=['.'], packages_ignore=None, packages_ignore_regex=None, paths=None, packages_up_to=None, packages_up_to_regex=None, packages_above=None, packages_above_and_dependencies=None, packages_above_depth=None, packages_select_by_dep=None, packages_skip_by_dep=None, packages_skip_up_to=None, packages_select_build_failed=False, packages_skip_build_finished=False, packages_select_test_failures=False, packages_skip_test_passed=False, packages_select=None, packages_skip=None, packages_select_regex=None, packages_skip_regex=None, packages_start=None, packages_end=None, allow_overriding=[], cmake_args=None, cmake_target=None, cmake_target_skip_unavailable=False, cmake_clean_cache=False, cmake_clean_first=False, cmake_force_configure=False, ament_cmake_args=None, catkin_cmake_args=None, catkin_skip_building_tests=False, verb_parser=<colcon_defaults.argument_parser.defaults.DefaultArgumentsDecorator object at 0x7f2a7b2c7dc0>, verb_extension=<colcon_core.verb.build.BuildVerb object at 0x7f2a7b4616c0>, main=<bound method BuildVerb.main of <colcon_core.verb.build.BuildVerb object at 0x7f2a7b4616c0>>)
[0.389s] Level 1:colcon.colcon_core.package_discovery:discover_packages(colcon_meta) check parameters
[0.389s] Level 1:colcon.colcon_core.package_discovery:discover_packages(recursive) check parameters
[0.389s] Level 1:colcon.colcon_core.package_discovery:discover_packages(ignore) check parameters
[0.389s] Level 1:colcon.colcon_core.package_discovery:discover_packages(path) check parameters
[0.389s] Level 1:colcon.colcon_core.package_discovery:discover_packages(colcon_meta) discover
[0.389s] Level 1:colcon.colcon_core.package_discovery:discover_packages(recursive) discover
[0.389s] INFO:colcon.colcon_core.package_discovery:Crawling recursively for packages in '/home/vardan/Introduction-to-Robotics/Unitree_go2/go2_ws'
[0.389s] Level 1:colcon.colcon_core.package_identification:_identify(.) by extensions ['ignore', 'ignore_ament_install']
[0.389s] Level 1:colcon.colcon_core.package_identification:_identify(.) by extension 'ignore'
[0.390s] Level 1:colcon.colcon_core.package_identification:_identify(.) by extension 'ignore_ament_install'
[0.390s] Level 1:colcon.colcon_core.package_identification:_identify(.) by extensions ['colcon_pkg']
[0.390s] Level 1:colcon.colcon_core.package_identification:_identify(.) by extension 'colcon_pkg'
[0.390s] Level 1:colcon.colcon_core.package_identification:_identify(.) by extensions ['colcon_meta']
[0.390s] Level 1:colcon.colcon_core.package_identification:_identify(.) by extension 'colcon_meta'
[0.390s] Level 1:colcon.colcon_core.package_identification:_identify(.) by extensions ['ros']
[0.390s] Level 1:colcon.colcon_core.package_identification:_identify(.) by extension 'ros'
[0.404s] Level 1:colcon.colcon_core.package_identification:_identify(.) by extensions ['cmake', 'python']
[0.405s] Level 1:colcon.colcon_core.package_identification:_identify(.) by extension 'cmake'
[0.405s] Level 1:colcon.colcon_core.package_identification:_identify(.) by extension 'python'
[0.405s] Level 1:colcon.colcon_core.package_identification:_identify(.) by extensions ['python_setup_py']
[0.405s] Level 1:colcon.colcon_core.package_identification:_identify(.) by extension 'python_setup_py'
[0.406s] Level 1:colcon.colcon_core.package_identification:_identify(build) by extensions ['ignore', 'ignore_ament_install']
[0.406s] Level 1:colcon.colcon_core.package_identification:_identify(build) by extension 'ignore'
[0.406s] Level 1:colcon.colcon_core.package_identification:_identify(build) ignored
[0.406s] Level 1:colcon.colcon_core.package_identification:_identify(install) by extensions ['ignore', 'ignore_ament_install']
[0.406s] Level 1:colcon.colcon_core.package_identification:_identify(install) by extension 'ignore'
[0.406s] Level 1:colcon.colcon_core.package_identification:_identify(install) ignored
[0.407s] Level 1:colcon.colcon_core.package_identification:_identify(log) by extensions ['ignore', 'ignore_ament_install']
[0.407s] Level 1:colcon.colcon_core.package_identification:_identify(log) by extension 'ignore'
[0.407s] Level 1:colcon.colcon_core.package_identification:_identify(log) ignored
[0.407s] Level 1:colcon.colcon_core.package_identification:_identify(src) by extensions ['ignore', 'ignore_ament_install']
[0.407s] Level 1:colcon.colcon_core.package_identification:_identify(src) by extension 'ignore'
[0.407s] Level 1:colcon.colcon_core.package_identification:_identify(src) by extension 'ignore_ament_install'
[0.407s] Level 1:colcon.colcon_core.package_identification:_identify(src) by extensions ['colcon_pkg']
[0.407s] Level 1:colcon.colcon_core.package_identification:_identify(src) by extension 'colcon_pkg'
[0.407s] Level 1:colcon.colcon_core.package_identification:_identify(src) by extensions ['colcon_meta']
[0.407s] Level 1:colcon.colcon_core.package_identification:_identify(src) by extension 'colcon_meta'
[0.407s] Level 1:colcon.colcon_core.package_identification:_identify(src) by extensions ['ros']
[0.407s] Level 1:colcon.colcon_core.package_identification:_identify(src) by extension 'ros'
[0.408s] Level 1:colcon.colcon_core.package_identification:_identify(src) by extensions ['cmake', 'python']
[0.408s] Level 1:colcon.colcon_core.package_identification:_identify(src) by extension 'cmake'
[0.408s] Level 1:colcon.colcon_core.package_identification:_identify(src) by extension 'python'
[0.408s] Level 1:colcon.colcon_core.package_identification:_identify(src) by extensions ['python_setup_py']
[0.408s] Level 1:colcon.colcon_core.package_identification:_identify(src) by extension 'python_setup_py'
[0.408s] Level 1:colcon.colcon_core.package_identification:_identify(src/go2_description) by extensions ['ignore', 'ignore_ament_install']
[0.408s] Level 1:colcon.colcon_core.package_identification:_identify(src/go2_description) by extension 'ignore'
[0.408s] Level 1:colcon.colcon_core.package_identification:_identify(src/go2_description) by extension 'ignore_ament_install'
[0.408s] Level 1:colcon.colcon_core.package_identification:_identify(src/go2_description) by extensions ['colcon_pkg']
[0.408s] Level 1:colcon.colcon_core.package_identification:_identify(src/go2_description) by extension 'colcon_pkg'
[0.408s] Level 1:colcon.colcon_core.package_identification:_identify(src/go2_description) by extensions ['colcon_meta']
[0.408s] Level 1:colcon.colcon_core.package_identification:_identify(src/go2_description) by extension 'colcon_meta'
[0.409s] Level 1:colcon.colcon_core.package_identification:_identify(src/go2_description) by extensions ['ros']
[0.409s] Level 1:colcon.colcon_core.package_identification:_identify(src/go2_description) by extension 'ros'
[0.414s] DEBUG:colcon.colcon_core.package_identification:Package 'src/go2_description' with type 'ros.ament_python' and name 'go2_description'
[0.415s] Level 1:colcon.colcon_core.package_identification:_identify(src/go2_gazebo) by extensions ['ignore', 'ignore_ament_install']
[0.415s] Level 1:colcon.colcon_core.package_identification:_identify(src/go2_gazebo) by extension 'ignore'
[0.415s] Level 1:colcon.colcon_core.package_identification:_identify(src/go2_gazebo) by extension 'ignore_ament_install'
[0.415s] Level 1:colcon.colcon_core.package_identification:_identify(src/go2_gazebo) by extensions ['colcon_pkg']
[0.415s] Level 1:colcon.colcon_core.package_identification:_identify(src/go2_gazebo) by extension 'colcon_pkg'
[0.415s] Level 1:colcon.colcon_core.package_identification:_identify(src/go2_gazebo) by extensions ['colcon_meta']
[0.415s] Level 1:colcon.colcon_core.package_identification:_identify(src/go2_gazebo) by extension 'colcon_meta'
[0.415s] Level 1:colcon.colcon_core.package_identification:_identify(src/go2_gazebo) by extensions ['ros']
[0.415s] Level 1:colcon.colcon_core.package_identification:_identify(src/go2_gazebo) by extension 'ros'
[0.416s] DEBUG:colcon.colcon_core.package_identification:Package 'src/go2_gazebo' with type 'ros.ament_python' and name 'go2_gazebo'
[0.416s] Level 1:colcon.colcon_core.package_discovery:discover_packages(recursive) using defaults
[0.417s] Level 1:colcon.colcon_core.package_discovery:discover_packages(ignore) discover
[0.417s] Level 1:colcon.colcon_core.package_discovery:discover_packages(ignore) using defaults
[0.417s] Level 1:colcon.colcon_core.package_discovery:discover_packages(path) discover
[0.417s] Level 1:colcon.colcon_core.package_discovery:discover_packages(path) using defaults
[0.440s] Level 1:colcon.colcon_core.package_discovery:discover_packages(prefix_path) check parameters
[0.441s] Level 1:colcon.colcon_core.package_discovery:discover_packages(prefix_path) discover
[0.443s] DEBUG:colcon.colcon_installed_package_information.package_discovery:Found 292 installed packages in /opt/ros/humble
[0.460s] Level 1:colcon.colcon_core.package_discovery:discover_packages(prefix_path) using defaults
[0.522s] Level 5:colcon.colcon_core.verb:set package 'go2_description' build argument 'cmake_args' from command line to 'None'
[0.522s] Level 5:colcon.colcon_core.verb:set package 'go2_description' build argument 'cmake_target' from command line to 'None'
[0.522s] Level 5:colcon.colcon_core.verb:set package 'go2_description' build argument 'cmake_target_skip_unavailable' from command line to 'False'
[0.522s] Level 5:colcon.colcon_core.verb:set package 'go2_description' build argument 'cmake_clean_cache' from command line to 'False'
[0.522s] Level 5:colcon.colcon_core.verb:set package 'go2_description' build argument 'cmake_clean_first' from command line to 'False'
[0.522s] Level 5:colcon.colcon_core.verb:set package 'go2_description' build argument 'cmake_force_configure' from command line to 'False'
[0.522s] Level 5:colcon.colcon_core.verb:set package 'go2_description' build argument 'ament_cmake_args' from command line to 'None'
[0.522s] Level 5:colcon.colcon_core.verb:set package 'go2_description' build argument 'catkin_cmake_args' from command line to 'None'
[0.523s] Level 5:colcon.colcon_core.verb:set package 'go2_description' build argument 'catkin_skip_building_tests' from command line to 'False'
[0.523s] DEBUG:colcon.colcon_core.verb:Building package 'go2_description' with the following arguments: {'ament_cmake_args': None, 'build_base': '/home/vardan/Introduction-to-Robotics/Unitree_go2/go2_ws/build/go2_description', 'catkin_cmake_args': None, 'catkin_skip_building_tests': False, 'cmake_args': None, 'cmake_clean_cache': False, 'cmake_clean_first': False, 'cmake_force_configure': False, 'cmake_target': None, 'cmake_target_skip_unavailable': False, 'install_base': '/home/vardan/Introduction-to-Robotics/Unitree_go2/go2_ws/install/go2_description', 'merge_install': False, 'path': '/home/vardan/Introduction-to-Robotics/Unitree_go2/go2_ws/src/go2_description', 'symlink_install': True, 'test_result_base': None}
[0.523s] Level 5:colcon.colcon_core.verb:set package 'go2_gazebo' build argument 'cmake_args' from command line to 'None'
[0.524s] Level 5:colcon.colcon_core.verb:set package 'go2_gazebo' build argument 'cmake_target' from command line to 'None'
[0.524s] Level 5:colcon.colcon_core.verb:set package 'go2_gazebo' build argument 'cmake_target_skip_unavailable' from command line to 'False'
[0.524s] Level 5:colcon.colcon_core.verb:set package 'go2_gazebo' build argument 'cmake_clean_cache' from command line to 'False'
[0.524s] Level 5:colcon.colcon_core.verb:set package 'go2_gazebo' build argument 'cmake_clean_first' from command line to 'False'
[0.524s] Level 5:colcon.colcon_core.verb:set package 'go2_gazebo' build argument 'cmake_force_configure' from command line to 'False'
[0.524s] Level 5:colcon.colcon_core.verb:set package 'go2_gazebo' build argument 'ament_cmake_args' from command line to 'None'
[0.524s] Level 5:colcon.colcon_core.verb:set package 'go2_gazebo' build argument 'catkin_cmake_args' from command line to 'None'
[0.524s] Level 5:colcon.colcon_core.verb:set package 'go2_gazebo' build argument 'catkin_skip_building_tests' from command line to 'False'
[0.524s] DEBUG:colcon.colcon_core.verb:Building package 'go2_gazebo' with the following arguments: {'ament_cmake_args': None, 'build_base': '/home/vardan/Introduction-to-Robotics/Unitree_go2/go2_ws/build/go2_gazebo', 'catkin_cmake_args': None, 'catkin_skip_building_tests': False, 'cmake_args': None, 'cmake_clean_cache': False, 'cmake_clean_first': False, 'cmake_force_configure': False, 'cmake_target': None, 'cmake_target_skip_unavailable': False, 'install_base': '/home/vardan/Introduction-to-Robotics/Unitree_go2/go2_ws/install/go2_gazebo', 'merge_install': False, 'path': '/home/vardan/Introduction-to-Robotics/Unitree_go2/go2_ws/src/go2_gazebo', 'symlink_install': True, 'test_result_base': None}
[0.524s] INFO:colcon.colcon_core.executor:Executing jobs using 'parallel' executor
[0.526s] DEBUG:colcon.colcon_parallel_executor.executor.parallel:run_until_complete
[0.527s] INFO:colcon.colcon_ros.task.ament_python.build:Building ROS package in '/home/vardan/Introduction-to-Robotics/Unitree_go2/go2_ws/src/go2_description' with build type 'ament_python'
[0.527s] Level 1:colcon.colcon_core.shell:create_environment_hook('go2_description', 'ament_prefix_path')
[0.531s] INFO:colcon.colcon_core.plugin_system:Skipping extension 'colcon_core.shell.bat': Not used on non-Windows systems
[0.532s] INFO:colcon.colcon_core.shell:Creating environment hook '/home/vardan/Introduction-to-Robotics/Unitree_go2/go2_ws/install/go2_description/share/go2_description/hook/ament_prefix_path.ps1'
[0.537s] INFO:colcon.colcon_core.shell:Creating environment descriptor '/home/vardan/Introduction-to-Robotics/Unitree_go2/go2_ws/install/go2_description/share/go2_description/hook/ament_prefix_path.dsv'
[0.541s] INFO:colcon.colcon_core.shell:Creating environment hook '/home/vardan/Introduction-to-Robotics/Unitree_go2/go2_ws/install/go2_description/share/go2_description/hook/ament_prefix_path.sh'
[0.543s] INFO:colcon.colcon_core.shell:Skip shell extension 'powershell' for command environment: Not usable outside of PowerShell
[0.544s] DEBUG:colcon.colcon_core.shell:Skip shell extension 'dsv' for command environment
[0.549s] INFO:colcon.colcon_ros.task.ament_python.build:Building ROS package in '/home/vardan/Introduction-to-Robotics/Unitree_go2/go2_ws/src/go2_gazebo' with build type 'ament_python'
[0.549s] Level 1:colcon.colcon_core.shell:create_environment_hook('go2_gazebo', 'ament_prefix_path')
[0.550s] INFO:colcon.colcon_core.shell:Creating environment hook '/home/vardan/Introduction-to-Robotics/Unitree_go2/go2_ws/install/go2_gazebo/share/go2_gazebo/hook/ament_prefix_path.ps1'
[0.551s] INFO:colcon.colcon_core.shell:Creating environment descriptor '/home/vardan/Introduction-to-Robotics/Unitree_go2/go2_ws/install/go2_gazebo/share/go2_gazebo/hook/ament_prefix_path.dsv'
[0.552s] INFO:colcon.colcon_core.shell:Creating environment hook '/home/vardan/Introduction-to-Robotics/Unitree_go2/go2_ws/install/go2_gazebo/share/go2_gazebo/hook/ament_prefix_path.sh'
[0.553s] INFO:colcon.colcon_core.shell:Skip shell extension 'powershell' for command environment: Not usable outside of PowerShell
[0.553s] DEBUG:colcon.colcon_core.shell:Skip shell extension 'dsv' for command environment
[0.933s] INFO:colcon.colcon_core.task.python.build:Building Python package in '/home/vardan/Introduction-to-Robotics/Unitree_go2/go2_ws/src/go2_description'
[0.933s] INFO:colcon.colcon_core.shell:Skip shell extension 'powershell' for command environment: Not usable outside of PowerShell
[0.933s] DEBUG:colcon.colcon_core.shell:Skip shell extension 'dsv' for command environment
[1.298s] INFO:colcon.colcon_core.task.python.build:Building Python package in '/home/vardan/Introduction-to-Robotics/Unitree_go2/go2_ws/src/go2_gazebo'
[1.298s] INFO:colcon.colcon_core.shell:Skip shell extension 'powershell' for command environment: Not usable outside of PowerShell
[1.299s] DEBUG:colcon.colcon_core.shell:Skip shell extension 'dsv' for command environment
[2.243s] DEBUG:colcon.colcon_core.event_handler.log_command:Invoking command in '/home/vardan/Introduction-to-Robotics/Unitree_go2/go2_ws/build/go2_gazebo': PYTHONPATH=/home/vardan/Introduction-to-Robotics/Unitree_go2/go2_ws/build/go2_gazebo/prefix_override:/usr/lib/python3/dist-packages/colcon_core/task/python/colcon_distutils_commands:/home/vardan/Introduction-to-Robotics/Unitree_go2/go2_ws/install/go2_gazebo/lib/python3.10/site-packages:${PYTHONPATH} /usr/bin/python3 -W ignore:setup.py install is deprecated setup.py develop --editable --build-directory /home/vardan/Introduction-to-Robotics/Unitree_go2/go2_ws/build/go2_gazebo/build --no-deps symlink_data
[2.255s] DEBUG:colcon.colcon_core.event_handler.log_command:Invoking command in '/home/vardan/Introduction-to-Robotics/Unitree_go2/go2_ws/build/go2_description': PYTHONPATH=/home/vardan/Introduction-to-Robotics/Unitree_go2/go2_ws/build/go2_description/prefix_override:/usr/lib/python3/dist-packages/colcon_core/task/python/colcon_distutils_commands:/home/vardan/Introduction-to-Robotics/Unitree_go2/go2_ws/install/go2_description/lib/python3.10/site-packages:${PYTHONPATH} /usr/bin/python3 -W ignore:setup.py install is deprecated setup.py develop --editable --build-directory /home/vardan/Introduction-to-Robotics/Unitree_go2/go2_ws/build/go2_description/build --no-deps symlink_data
[3.027s] Level 1:colcon.colcon_core.shell:create_environment_hook('go2_gazebo', 'pythonpath_develop')
[3.028s] INFO:colcon.colcon_core.shell:Creating environment hook '/home/vardan/Introduction-to-Robotics/Unitree_go2/go2_ws/build/go2_gazebo/share/go2_gazebo/hook/pythonpath_develop.ps1'
[3.028s] DEBUG:colcon.colcon_core.event_handler.log_command:Invoked command in '/home/vardan/Introduction-to-Robotics/Unitree_go2/go2_ws/build/go2_gazebo' returned '0': PYTHONPATH=/home/vardan/Introduction-to-Robotics/Unitree_go2/go2_ws/build/go2_gazebo/prefix_override:/usr/lib/python3/dist-packages/colcon_core/task/python/colcon_distutils_commands:/home/vardan/Introduction-to-Robotics/Unitree_go2/go2_ws/install/go2_gazebo/lib/python3.10/site-packages:${PYTHONPATH} /usr/bin/python3 -W ignore:setup.py install is deprecated setup.py develop --editable --build-directory /home/vardan/Introduction-to-Robotics/Unitree_go2/go2_ws/build/go2_gazebo/build --no-deps symlink_data
[3.030s] INFO:colcon.colcon_core.shell:Creating environment descriptor '/home/vardan/Introduction-to-Robotics/Unitree_go2/go2_ws/build/go2_gazebo/share/go2_gazebo/hook/pythonpath_develop.dsv'
[3.030s] INFO:colcon.colcon_core.shell:Creating environment hook '/home/vardan/Introduction-to-Robotics/Unitree_go2/go2_ws/build/go2_gazebo/share/go2_gazebo/hook/pythonpath_develop.sh'
[3.042s] Level 1:colcon.colcon_core.environment:checking '/home/vardan/Introduction-to-Robotics/Unitree_go2/go2_ws/install/go2_gazebo' for CMake module files
[3.043s] Level 1:colcon.colcon_core.environment:checking '/home/vardan/Introduction-to-Robotics/Unitree_go2/go2_ws/install/go2_gazebo' for CMake config files
[3.045s] Level 1:colcon.colcon_core.environment:checking '/home/vardan/Introduction-to-Robotics/Unitree_go2/go2_ws/install/go2_gazebo/lib'
[3.045s] Level 1:colcon.colcon_core.environment:checking '/home/vardan/Introduction-to-Robotics/Unitree_go2/go2_ws/install/go2_gazebo/bin'
[3.046s] Level 1:colcon.colcon_core.environment:checking '/home/vardan/Introduction-to-Robotics/Unitree_go2/go2_ws/install/go2_gazebo/lib/pkgconfig/go2_gazebo.pc'
[3.047s] Level 1:colcon.colcon_core.environment:checking '/home/vardan/Introduction-to-Robotics/Unitree_go2/go2_ws/install/go2_gazebo/lib/python3.10/site-packages'
[3.047s] Level 1:colcon.colcon_core.shell:create_environment_hook('go2_gazebo', 'pythonpath')
[3.049s] INFO:colcon.colcon_core.shell:Creating environment hook '/home/vardan/Introduction-to-Robotics/Unitree_go2/go2_ws/install/go2_gazebo/share/go2_gazebo/hook/pythonpath.ps1'
[3.050s] INFO:colcon.colcon_core.shell:Creating environment descriptor '/home/vardan/Introduction-to-Robotics/Unitree_go2/go2_ws/install/go2_gazebo/share/go2_gazebo/hook/pythonpath.dsv'
[3.051s] INFO:colcon.colcon_core.shell:Creating environment hook '/home/vardan/Introduction-to-Robotics/Unitree_go2/go2_ws/install/go2_gazebo/share/go2_gazebo/hook/pythonpath.sh'
[3.052s] Level 1:colcon.colcon_core.environment:checking '/home/vardan/Introduction-to-Robotics/Unitree_go2/go2_ws/install/go2_gazebo/bin'
[3.052s] Level 1:colcon.colcon_core.environment:create_environment_scripts_only(go2_gazebo)
[3.053s] INFO:colcon.colcon_core.shell:Creating package script '/home/vardan/Introduction-to-Robotics/Unitree_go2/go2_ws/install/go2_gazebo/share/go2_gazebo/package.ps1'
[3.056s] INFO:colcon.colcon_core.shell:Creating package descriptor '/home/vardan/Introduction-to-Robotics/Unitree_go2/go2_ws/install/go2_gazebo/share/go2_gazebo/package.dsv'
[3.058s] INFO:colcon.colcon_core.shell:Creating package script '/home/vardan/Introduction-to-Robotics/Unitree_go2/go2_ws/install/go2_gazebo/share/go2_gazebo/package.sh'
[3.060s] INFO:colcon.colcon_core.shell:Creating package script '/home/vardan/Introduction-to-Robotics/Unitree_go2/go2_ws/install/go2_gazebo/share/go2_gazebo/package.bash'
[3.061s] INFO:colcon.colcon_core.shell:Creating package script '/home/vardan/Introduction-to-Robotics/Unitree_go2/go2_ws/install/go2_gazebo/share/go2_gazebo/package.zsh'
[3.062s] Level 1:colcon.colcon_core.environment:create_file_with_runtime_dependencies(/home/vardan/Introduction-to-Robotics/Unitree_go2/go2_ws/install/go2_gazebo/share/colcon-core/packages/go2_gazebo)
[3.063s] Level 1:colcon.colcon_core.shell:create_environment_hook('go2_description', 'pythonpath_develop')
[3.064s] INFO:colcon.colcon_core.shell:Creating environment hook '/home/vardan/Introduction-to-Robotics/Unitree_go2/go2_ws/build/go2_description/share/go2_description/hook/pythonpath_develop.ps1'
[3.066s] DEBUG:colcon.colcon_core.event_handler.log_command:Invoked command in '/home/vardan/Introduction-to-Robotics/Unitree_go2/go2_ws/build/go2_description' returned '0': PYTHONPATH=/home/vardan/Introduction-to-Robotics/Unitree_go2/go2_ws/build/go2_description/prefix_override:/usr/lib/python3/dist-packages/colcon_core/task/python/colcon_distutils_commands:/home/vardan/Introduction-to-Robotics/Unitree_go2/go2_ws/install/go2_description/lib/python3.10/site-packages:${PYTHONPATH} /usr/bin/python3 -W ignore:setup.py install is deprecated setup.py develop --editable --build-directory /home/vardan/Introduction-to-Robotics/Unitree_go2/go2_ws/build/go2_description/build --no-deps symlink_data
[3.066s] INFO:colcon.colcon_core.shell:Creating environment descriptor '/home/vardan/Introduction-to-Robotics/Unitree_go2/go2_ws/build/go2_description/share/go2_description/hook/pythonpath_develop.dsv'
[3.067s] INFO:colcon.colcon_core.shell:Creating environment hook '/home/vardan/Introduction-to-Robotics/Unitree_go2/go2_ws/build/go2_description/share/go2_description/hook/pythonpath_develop.sh'
[3.067s] Level 1:colcon.colcon_core.environment:checking '/home/vardan/Introduction-to-Robotics/Unitree_go2/go2_ws/install/go2_description' for CMake module files
[3.068s] Level 1:colcon.colcon_core.environment:checking '/home/vardan/Introduction-to-Robotics/Unitree_go2/go2_ws/install/go2_description' for CMake config files
[3.068s] Level 1:colcon.colcon_core.environment:checking '/home/vardan/Introduction-to-Robotics/Unitree_go2/go2_ws/install/go2_description/lib'
[3.068s] Level 1:colcon.colcon_core.environment:checking '/home/vardan/Introduction-to-Robotics/Unitree_go2/go2_ws/install/go2_description/bin'
[3.069s] Level 1:colcon.colcon_core.environment:checking '/home/vardan/Introduction-to-Robotics/Unitree_go2/go2_ws/install/go2_description/lib/pkgconfig/go2_description.pc'
[3.069s] Level 1:colcon.colcon_core.environment:checking '/home/vardan/Introduction-to-Robotics/Unitree_go2/go2_ws/install/go2_description/lib/python3.10/site-packages'
[3.069s] Level 1:colcon.colcon_core.shell:create_environment_hook('go2_description', 'pythonpath')
[3.069s] INFO:colcon.colcon_core.shell:Creating environment hook '/home/vardan/Introduction-to-Robotics/Unitree_go2/go2_ws/install/go2_description/share/go2_description/hook/pythonpath.ps1'
[3.070s] INFO:colcon.colcon_core.shell:Creating environment descriptor '/home/vardan/Introduction-to-Robotics/Unitree_go2/go2_ws/install/go2_description/share/go2_description/hook/pythonpath.dsv'
[3.072s] INFO:colcon.colcon_core.shell:Creating environment hook '/home/vardan/Introduction-to-Robotics/Unitree_go2/go2_ws/install/go2_description/share/go2_description/hook/pythonpath.sh'
[3.076s] Level 1:colcon.colcon_core.environment:checking '/home/vardan/Introduction-to-Robotics/Unitree_go2/go2_ws/install/go2_description/bin'
[3.076s] Level 1:colcon.colcon_core.environment:create_environment_scripts_only(go2_description)
[3.077s] INFO:colcon.colcon_core.shell:Creating package script '/home/vardan/Introduction-to-Robotics/Unitree_go2/go2_ws/install/go2_description/share/go2_description/package.ps1'
[3.078s] INFO:colcon.colcon_core.shell:Creating package descriptor '/home/vardan/Introduction-to-Robotics/Unitree_go2/go2_ws/install/go2_description/share/go2_description/package.dsv'
[3.079s] INFO:colcon.colcon_core.shell:Creating package script '/home/vardan/Introduction-to-Robotics/Unitree_go2/go2_ws/install/go2_description/share/go2_description/package.sh'
[3.079s] INFO:colcon.colcon_core.shell:Creating package script '/home/vardan/Introduction-to-Robotics/Unitree_go2/go2_ws/install/go2_description/share/go2_description/package.bash'
[3.080s] INFO:colcon.colcon_core.shell:Creating package script '/home/vardan/Introduction-to-Robotics/Unitree_go2/go2_ws/install/go2_description/share/go2_description/package.zsh'
[3.080s] Level 1:colcon.colcon_core.environment:create_file_with_runtime_dependencies(/home/vardan/Introduction-to-Robotics/Unitree_go2/go2_ws/install/go2_description/share/colcon-core/packages/go2_description)
[3.081s] DEBUG:colcon.colcon_parallel_executor.executor.parallel:closing loop
[3.082s] DEBUG:colcon.colcon_parallel_executor.executor.parallel:loop closed
[3.083s] DEBUG:colcon.colcon_parallel_executor.executor.parallel:run_until_complete finished with '0'
[3.083s] DEBUG:colcon.colcon_core.event_reactor:joining thread
[3.116s] INFO:colcon.colcon_core.plugin_system:Skipping extension 'colcon_notification.desktop_notification.notify_send': Could not find 'notify-send'
[3.116s] INFO:colcon.colcon_core.plugin_system:Skipping extension 'colcon_notification.desktop_notification.terminal_notifier': Not used on non-Darwin systems
[3.116s] INFO:colcon.colcon_core.plugin_system:Skipping extension 'colcon_notification.desktop_notification.win32': Not used on non-Windows systems
[3.116s] INFO:colcon.colcon_notification.desktop_notification:Sending desktop notification using 'notify2'
[3.117s] DEBUG:colcon.colcon_notification.desktop_notification.notify2:Failed to initialize notify2: org.freedesktop.DBus.Error.FileNotFound: Failed to connect to socket /run/user/1000/bus: No such file or directory
[3.117s] DEBUG:colcon.colcon_core.event_reactor:joined thread
[3.117s] INFO:colcon.colcon_core.shell:Creating prefix script '/home/vardan/Introduction-to-Robotics/Unitree_go2/go2_ws/install/local_setup.ps1'
[3.120s] INFO:colcon.colcon_core.shell:Creating prefix util module '/home/vardan/Introduction-to-Robotics/Unitree_go2/go2_ws/install/_local_setup_util_ps1.py'
[3.123s] INFO:colcon.colcon_core.shell:Creating prefix chain script '/home/vardan/Introduction-to-Robotics/Unitree_go2/go2_ws/install/setup.ps1'
[3.125s] INFO:colcon.colcon_core.shell:Creating prefix script '/home/vardan/Introduction-to-Robotics/Unitree_go2/go2_ws/install/local_setup.sh'
[3.128s] INFO:colcon.colcon_core.shell:Creating prefix util module '/home/vardan/Introduction-to-Robotics/Unitree_go2/go2_ws/install/_local_setup_util_sh.py'
[3.131s] INFO:colcon.colcon_core.shell:Creating prefix chain script '/home/vardan/Introduction-to-Robotics/Unitree_go2/go2_ws/install/setup.sh'
[3.134s] INFO:colcon.colcon_core.shell:Creating prefix script '/home/vardan/Introduction-to-Robotics/Unitree_go2/go2_ws/install/local_setup.bash'
[3.136s] INFO:colcon.colcon_core.shell:Creating prefix chain script '/home/vardan/Introduction-to-Robotics/Unitree_go2/go2_ws/install/setup.bash'
[3.139s] INFO:colcon.colcon_core.shell:Creating prefix script '/home/vardan/Introduction-to-Robotics/Unitree_go2/go2_ws/install/local_setup.zsh'
[3.141s] INFO:colcon.colcon_core.shell:Creating prefix chain script '/home/vardan/Introduction-to-Robotics/Unitree_go2/go2_ws/install/setup.zsh'
